2025-12-17 23:40:32,705 [INFO] ====================================================================================================
2025-12-17 23:40:32,705 [INFO] Starting item ingestion to GroundX...

2025-12-17 23:40:32,705 [INFO] 
Summary:
2025-12-17 23:40:32,705 [INFO] Ingested : 0
2025-12-17 23:40:32,705 [INFO] Skipped  : 0
2025-12-17 23:40:32,705 [INFO]  Failed  : 0
2025-12-17 23:40:32,705 [INFO]  Total   : 0
2025-12-17 23:41:48,098 [INFO] ====================================================================================================
2025-12-17 23:41:48,098 [INFO] Starting item ingestion to GroundX...

2025-12-17 23:41:48,098 [INFO] 
Summary:
2025-12-17 23:41:48,098 [INFO] Ingested : 0
2025-12-17 23:41:48,098 [INFO] Skipped  : 0
2025-12-17 23:41:48,098 [INFO]  Failed  : 0
2025-12-17 23:41:48,098 [INFO]  Total   : 0
2025-12-17 23:42:09,876 [INFO] ====================================================================================================
2025-12-17 23:42:09,876 [INFO] Starting item ingestion to GroundX...

2025-12-17 23:42:12,763 [INFO] HTTP Request: POST https://api.groundx.ai/api/v1/ingest/documents/remote "HTTP/1.1 200 OK"
2025-12-17 23:42:12,773 [INFO] [SUCCESS] Ingested: 615ebf5027b57f742645b84bde27f3e2a9ad407aaa21831f55e7b7e43f7c5701.json
2025-12-17 23:42:14,326 [INFO] HTTP Request: POST https://api.groundx.ai/api/v1/ingest/documents/remote "HTTP/1.1 200 OK"
2025-12-17 23:42:14,326 [INFO] [SUCCESS] Ingested: ce6dc295d35f7aefda6fb034e7954681ee91e960222a40133e30ea54a5c02b6a.json
2025-12-17 23:42:16,231 [INFO] HTTP Request: POST https://api.groundx.ai/api/v1/ingest/documents/remote "HTTP/1.1 200 OK"
2025-12-17 23:42:16,231 [INFO] [SUCCESS] Ingested: f43bbf4e3a08a0055c9f705781d02fddf72e8194fb75fe6b45e00fd8c7af16e5.json
2025-12-17 23:42:16,231 [INFO] 
Summary:
2025-12-17 23:42:16,231 [INFO] Ingested : 3
2025-12-17 23:42:16,239 [INFO] Skipped  : 0
2025-12-17 23:42:16,239 [INFO]  Failed  : 0
2025-12-17 23:42:16,239 [INFO]  Total   : 3
2025-12-17 23:44:22,637 [INFO] ====================================================================================================
2025-12-17 23:44:22,637 [INFO] Starting item ingestion to GroundX...

2025-12-17 23:44:22,638 [INFO] [SKIP] Duplicate chunk skipped: 615ebf5027b57f742645b84bde27f3e2a9ad407aaa21831f55e7b7e43f7c5701.json
2025-12-17 23:44:22,638 [INFO] [SKIP] Duplicate chunk skipped: ce6dc295d35f7aefda6fb034e7954681ee91e960222a40133e30ea54a5c02b6a.json
2025-12-17 23:44:22,638 [INFO] [SKIP] Duplicate chunk skipped: f43bbf4e3a08a0055c9f705781d02fddf72e8194fb75fe6b45e00fd8c7af16e5.json
2025-12-17 23:44:22,638 [INFO] 
Summary:
2025-12-17 23:44:22,638 [INFO] Ingested : 0
2025-12-17 23:44:22,638 [INFO] Skipped  : 3
2025-12-17 23:44:22,638 [INFO]  Failed  : 0
2025-12-17 23:44:22,638 [INFO]  Total   : 3
2025-12-17 23:47:30,620 [INFO] ====================================================================================================
2025-12-17 23:47:30,620 [INFO] Starting item ingestion to GroundX...

2025-12-17 23:47:30,620 [INFO] 
Successful items: 0/0
2025-12-17 23:48:08,325 [INFO] ====================================================================================================
2025-12-17 23:48:08,325 [INFO] Starting item ingestion to GroundX...

2025-12-17 23:48:10,654 [INFO] HTTP Request: POST https://api.groundx.ai/api/v1/ingest/documents/remote "HTTP/1.1 200 OK"
2025-12-17 23:48:10,664 [INFO] [SUCCESS] Ingested: page_1_chunk_1.json
2025-12-17 23:48:12,265 [INFO] HTTP Request: POST https://api.groundx.ai/api/v1/ingest/documents/remote "HTTP/1.1 200 OK"
2025-12-17 23:48:12,267 [INFO] [SUCCESS] Ingested: page_1_chunk_2.json
2025-12-17 23:48:13,695 [INFO] HTTP Request: POST https://api.groundx.ai/api/v1/ingest/documents/remote "HTTP/1.1 200 OK"
2025-12-17 23:48:13,697 [INFO] [SUCCESS] Ingested: page_1_chunk_3.json
2025-12-17 23:48:13,697 [INFO] 
Successful items: 3/3
2025-12-17 23:50:04,134 [INFO] ====================================================================================================
2025-12-17 23:50:04,134 [INFO] Starting item ingestion to GroundX...

2025-12-17 23:50:05,889 [INFO] [SUCCESS] Ingested: page_1_chunk_1.json
2025-12-17 23:50:07,470 [INFO] [SUCCESS] Ingested: page_1_chunk_2.json
2025-12-17 23:50:08,979 [INFO] [SUCCESS] Ingested: page_1_chunk_3.json
2025-12-17 23:50:08,979 [INFO] 
Successful items: 3/3
2025-12-17 23:53:34,339 [INFO] ====================================================================================================
2025-12-17 23:53:34,339 [INFO] Starting item ingestion to GroundX...

2025-12-17 23:53:36,345 [INFO] [SUCCESS] Ingested: 615ebf5027b57f742645b84bde27f3e2a9ad407aaa21831f55e7b7e43f7c5701.json
2025-12-17 23:53:38,167 [INFO] [SUCCESS] Ingested: ce6dc295d35f7aefda6fb034e7954681ee91e960222a40133e30ea54a5c02b6a.json
2025-12-17 23:53:39,769 [INFO] [SUCCESS] Ingested: f43bbf4e3a08a0055c9f705781d02fddf72e8194fb75fe6b45e00fd8c7af16e5.json
2025-12-17 23:53:39,771 [INFO] 
Summary:
2025-12-17 23:53:39,771 [INFO] Ingested : 3
2025-12-17 23:53:39,773 [INFO] Skipped  : 0
2025-12-17 23:53:39,775 [INFO]  Failed  : 0
2025-12-17 23:53:39,776 [INFO]  Total   : 3
2025-12-17 23:55:08,235 [INFO] ====================================================================================================
2025-12-17 23:55:08,235 [INFO] Starting item ingestion to GroundX...

2025-12-17 23:55:10,132 [INFO] [SUCCESS] Ingested: page_1_chunk_1.json
2025-12-17 23:55:11,886 [INFO] [SUCCESS] Ingested: page_1_chunk_2.json
2025-12-17 23:55:13,639 [INFO] [SUCCESS] Ingested: page_1_chunk_3.json
2025-12-17 23:55:13,639 [INFO] 
Successful items: 3/3
2025-12-18 00:01:05,786 [INFO] ====================================================================================================
2025-12-18 00:01:05,786 [INFO] Starting item ingestion to GroundX...

2025-12-18 00:01:07,655 [INFO] HTTP Request: POST https://api.groundx.ai/api/v1/ingest/documents/remote "HTTP/1.1 200 OK"
2025-12-18 00:01:07,671 [INFO] [SUCCESS] Ingested: 615ebf5027b57f742645b84bde27f3e2a9ad407aaa21831f55e7b7e43f7c5701.json
2025-12-18 00:01:08,793 [INFO] HTTP Request: POST https://api.groundx.ai/api/v1/ingest/documents/remote "HTTP/1.1 200 OK"
2025-12-18 00:01:08,798 [INFO] [SUCCESS] Ingested: ce6dc295d35f7aefda6fb034e7954681ee91e960222a40133e30ea54a5c02b6a.json
2025-12-18 00:01:10,717 [INFO] HTTP Request: POST https://api.groundx.ai/api/v1/ingest/documents/remote "HTTP/1.1 200 OK"
2025-12-18 00:01:10,725 [INFO] [SUCCESS] Ingested: f43bbf4e3a08a0055c9f705781d02fddf72e8194fb75fe6b45e00fd8c7af16e5.json
2025-12-18 00:01:10,728 [INFO] 
Summary:
2025-12-18 00:01:10,730 [INFO] Ingested : 3
2025-12-18 00:01:10,730 [INFO] Skipped  : 0
2025-12-18 00:01:10,730 [INFO]  Failed  : 0
2025-12-18 00:01:10,730 [INFO]  Total   : 3
2025-12-18 00:02:11,603 [INFO] ====================================================================================================
2025-12-18 00:02:11,603 [INFO] Starting item ingestion to GroundX...

2025-12-18 00:02:11,619 [INFO] [SKIP] Duplicate chunk skipped: 615ebf5027b57f742645b84bde27f3e2a9ad407aaa21831f55e7b7e43f7c5701.json
2025-12-18 00:02:11,619 [INFO] [SKIP] Duplicate chunk skipped: ce6dc295d35f7aefda6fb034e7954681ee91e960222a40133e30ea54a5c02b6a.json
2025-12-18 00:02:11,619 [INFO] [SKIP] Duplicate chunk skipped: f43bbf4e3a08a0055c9f705781d02fddf72e8194fb75fe6b45e00fd8c7af16e5.json
2025-12-18 00:02:11,619 [INFO] 
Summary:
2025-12-18 00:02:11,619 [INFO] Ingested : 0
2025-12-18 00:02:11,619 [INFO] Skipped  : 3
2025-12-18 00:02:11,619 [INFO]  Failed  : 0
2025-12-18 00:02:11,619 [INFO]  Total   : 3
2025-12-18 00:04:33,001 [INFO] ====================================================================================================
2025-12-18 00:04:33,001 [INFO] Starting item ingestion to GroundX...

2025-12-18 00:04:33,001 [INFO] [SKIP] Duplicate chunk skipped: 615ebf5027b57f742645b84bde27f3e2a9ad407aaa21831f55e7b7e43f7c5701.json
2025-12-18 00:04:33,001 [INFO] [SKIP] Duplicate chunk skipped: ce6dc295d35f7aefda6fb034e7954681ee91e960222a40133e30ea54a5c02b6a.json
2025-12-18 00:04:33,017 [INFO] [SKIP] Duplicate chunk skipped: f43bbf4e3a08a0055c9f705781d02fddf72e8194fb75fe6b45e00fd8c7af16e5.json
2025-12-18 00:04:33,017 [INFO] 
Summary:
2025-12-18 00:04:33,017 [INFO] Ingested : 0
2025-12-18 00:04:33,017 [INFO] Skipped  : 3
2025-12-18 00:04:33,017 [INFO]  Failed  : 0
2025-12-18 00:04:33,017 [INFO]  Total   : 3
2025-12-18 00:05:24,602 [INFO] ====================================================================================================
2025-12-18 00:05:24,602 [INFO] Starting item ingestion to GroundX...

2025-12-18 00:05:26,340 [INFO] [SUCCESS] Ingested: 615ebf5027b57f742645b84bde27f3e2a9ad407aaa21831f55e7b7e43f7c5701.json
2025-12-18 00:05:28,090 [INFO] [SUCCESS] Ingested: ce6dc295d35f7aefda6fb034e7954681ee91e960222a40133e30ea54a5c02b6a.json
2025-12-18 00:05:29,912 [INFO] [SUCCESS] Ingested: f43bbf4e3a08a0055c9f705781d02fddf72e8194fb75fe6b45e00fd8c7af16e5.json
2025-12-18 00:05:29,912 [INFO] 
Summary:
2025-12-18 00:05:29,916 [INFO] Ingested : 3
2025-12-18 00:05:29,916 [INFO] Skipped  : 0
2025-12-18 00:05:29,917 [INFO]  Failed  : 0
2025-12-18 00:05:29,918 [INFO]  Total   : 3
2025-12-18 00:10:07,063 [INFO] ====================================================================================================
2025-12-18 00:10:07,063 [INFO] Starting item ingestion to GroundX...

2025-12-18 00:10:09,001 [INFO] [SUCCESS] Ingested: 615ebf5027b57f742645b84bde27f3e2a9ad407aaa21831f55e7b7e43f7c5701.json
2025-12-18 00:10:10,866 [INFO] [SUCCESS] Ingested: ce6dc295d35f7aefda6fb034e7954681ee91e960222a40133e30ea54a5c02b6a.json
2025-12-18 00:10:12,586 [INFO] [SUCCESS] Ingested: f43bbf4e3a08a0055c9f705781d02fddf72e8194fb75fe6b45e00fd8c7af16e5.json
2025-12-18 00:10:12,586 [INFO] 
Summary:
2025-12-18 00:10:12,589 [INFO] Ingested : 3
2025-12-18 00:10:12,589 [INFO] Skipped  : 0
2025-12-18 00:10:12,589 [INFO]  Failed  : 0
2025-12-18 00:10:12,589 [INFO]  Total   : 3
2025-12-18 00:11:32,230 [INFO] ====================================================================================================
2025-12-18 00:11:32,230 [INFO] Starting item ingestion to GroundX...

2025-12-18 00:11:32,230 [INFO] [SKIP] Duplicate chunk skipped: 615ebf5027b57f742645b84bde27f3e2a9ad407aaa21831f55e7b7e43f7c5701.json
2025-12-18 00:11:32,230 [INFO] [SKIP] Duplicate chunk skipped: ce6dc295d35f7aefda6fb034e7954681ee91e960222a40133e30ea54a5c02b6a.json
2025-12-18 00:11:32,230 [INFO] [SKIP] Duplicate chunk skipped: f43bbf4e3a08a0055c9f705781d02fddf72e8194fb75fe6b45e00fd8c7af16e5.json
2025-12-18 00:11:32,230 [INFO] 
Summary:
2025-12-18 00:11:32,236 [INFO] Ingested : 0
2025-12-18 00:11:32,236 [INFO] Skipped  : 3
2025-12-18 00:11:32,236 [INFO]  Failed  : 0
2025-12-18 00:11:32,236 [INFO]  Total   : 3
2025-12-18 00:12:35,078 [INFO] ====================================================================================================
2025-12-18 00:12:35,078 [INFO] Starting item ingestion to GroundX...

2025-12-18 00:12:36,642 [INFO] [SUCCESS] Ingested: page_1_chunk_1.json
2025-12-18 00:12:38,426 [INFO] [SUCCESS] Ingested: page_1_chunk_2.json
2025-12-18 00:12:39,543 [INFO] [SUCCESS] Ingested: page_1_chunk_3.json
2025-12-18 00:12:39,543 [INFO] 
Successful items: 3/3
2025-12-18 00:13:34,524 [INFO] ====================================================================================================
2025-12-18 00:13:34,524 [INFO] Starting item ingestion to GroundX...

2025-12-18 00:13:34,524 [INFO] [SKIP] Duplicate chunk skipped: 615ebf5027b57f742645b84bde27f3e2a9ad407aaa21831f55e7b7e43f7c5701.json
2025-12-18 00:13:34,524 [INFO] [SKIP] Duplicate chunk skipped: ce6dc295d35f7aefda6fb034e7954681ee91e960222a40133e30ea54a5c02b6a.json
2025-12-18 00:13:34,524 [INFO] [SKIP] Duplicate chunk skipped: f43bbf4e3a08a0055c9f705781d02fddf72e8194fb75fe6b45e00fd8c7af16e5.json
2025-12-18 00:13:34,524 [INFO] 
Summary:
2025-12-18 00:13:34,524 [INFO] Ingested : 0
2025-12-18 00:13:34,524 [INFO] Skipped  : 3
2025-12-18 00:13:34,524 [INFO]  Failed  : 0
2025-12-18 00:13:34,524 [INFO]  Total   : 3
2025-12-18 00:16:47,290 [INFO] ====================================================================================================
2025-12-18 00:16:47,290 [INFO] Starting item ingestion to GroundX...

2025-12-18 00:16:49,357 [INFO] [SUCCESS] Ingested: 615ebf5027b57f742645b84bde27f3e2a9ad407aaa21831f55e7b7e43f7c5701.json
2025-12-18 00:16:51,176 [INFO] [SUCCESS] Ingested: ce6dc295d35f7aefda6fb034e7954681ee91e960222a40133e30ea54a5c02b6a.json
2025-12-18 00:16:52,952 [INFO] [SUCCESS] Ingested: f43bbf4e3a08a0055c9f705781d02fddf72e8194fb75fe6b45e00fd8c7af16e5.json
2025-12-18 00:16:52,952 [INFO] 
Summary:
2025-12-18 00:16:52,952 [INFO] Ingested : 3
2025-12-18 00:16:52,952 [INFO] Skipped  : 0
2025-12-18 00:16:52,952 [INFO]  Failed  : 0
2025-12-18 00:16:52,952 [INFO]  Total   : 3
